<?xml version="1.0" encoding="UTF-8"?>
<!-- Generated by org.testng.reporters.JUnitXMLReporter -->
<testsuite ignored="0" hostname="MANGESH" failures="0" tests="5" name="Test" time="0.4" errors="0" timestamp="2021-11-01T12:04:23 IST">
  <testcase classname="testpack.Login_fuctionality" name="@BeforeClass setdriver" time="0.203">
    <failure type="java.lang.IllegalStateException" message="The driver executable does not exist: F:\VELOCITY\Software\Selenium\new\chromedriver_win32\chromedriver.exe">
      <![CDATA[java.lang.IllegalStateException: The driver executable does not exist: F:\VELOCITY\Software\Selenium\new\chromedriver_win32\chromedriver.exe
at com.google.common.base.Preconditions.checkState(Preconditions.java:585)
at org.openqa.selenium.remote.service.DriverService.checkExecutable(DriverService.java:146)
at org.openqa.selenium.remote.service.DriverService.findExecutable(DriverService.java:141)
at org.openqa.selenium.chrome.ChromeDriverService.access$000(ChromeDriverService.java:35)
at org.openqa.selenium.chrome.ChromeDriverService$Builder.findDefaultExecutable(ChromeDriverService.java:159)
at org.openqa.selenium.remote.service.DriverService$Builder.build(DriverService.java:355)
at org.openqa.selenium.chrome.ChromeDriverService.createDefaultService(ChromeDriverService.java:94)
at org.openqa.selenium.chrome.ChromeDriver.<init>(ChromeDriver.java:123)
at testpack.Login_fuctionality.setdriver(Login_fuctionality.java:25)
at java.base/java.util.ArrayList.forEach(ArrayList.java:1511)
... Removed 25 stack frames]]>
    </failure>
  </testcase> <!-- @BeforeClass setdriver -->
  <testcase classname="testpack.Login_fuctionality" name="@BeforeMethod beforemethod" time="-1.63574846268E9">
    <skipped/>
  </testcase> <!-- @BeforeMethod beforemethod -->
  <testcase classname="testpack.Login_fuctionality" name="@AfterMethod aftermethod" time="-1.635748462695E9">
    <skipped/>
  </testcase> <!-- @AfterMethod aftermethod -->
  <testcase classname="testpack.Login_fuctionality" name="@AfterClass close" time="-1.635748462701E9">
    <skipped/>
  </testcase> <!-- @AfterClass close -->
  <testcase classname="testpack.Homepage_tab_verification" name="@BeforeClass setdriver" time="0.012">
    <failure type="java.lang.IllegalStateException" message="The driver executable does not exist: F:\VELOCITY\Software\Selenium\new\chromedriver_win32\chromedriver.exe">
      <![CDATA[java.lang.IllegalStateException: The driver executable does not exist: F:\VELOCITY\Software\Selenium\new\chromedriver_win32\chromedriver.exe
at com.google.common.base.Preconditions.checkState(Preconditions.java:585)
at org.openqa.selenium.remote.service.DriverService.checkExecutable(DriverService.java:146)
at org.openqa.selenium.remote.service.DriverService.findExecutable(DriverService.java:141)
at org.openqa.selenium.chrome.ChromeDriverService.access$000(ChromeDriverService.java:35)
at org.openqa.selenium.chrome.ChromeDriverService$Builder.findDefaultExecutable(ChromeDriverService.java:159)
at org.openqa.selenium.remote.service.DriverService$Builder.build(DriverService.java:355)
at org.openqa.selenium.chrome.ChromeDriverService.createDefaultService(ChromeDriverService.java:94)
at org.openqa.selenium.chrome.ChromeDriver.<init>(ChromeDriver.java:123)
at testpack.Homepage_tab_verification.setdriver(Homepage_tab_verification.java:28)
at java.base/java.util.ArrayList.forEach(ArrayList.java:1511)
... Removed 25 stack frames]]>
    </failure>
  </testcase> <!-- @BeforeClass setdriver -->
  <testcase classname="testpack.Homepage_tab_verification" name="@BeforeMethod login" time="-1.635748462724E9">
    <skipped/>
  </testcase> <!-- @BeforeMethod login -->
  <testcase classname="testpack.Homepage_tab_verification" name="@AfterMethod logout" time="-1.635748462739E9">
    <skipped/>
  </testcase> <!-- @AfterMethod logout -->
  <testcase classname="testpack.Homepage_tab_verification" name="@BeforeMethod login" time="-1.635748462748E9">
    <skipped/>
  </testcase> <!-- @BeforeMethod login -->
  <testcase classname="testpack.Homepage_tab_verification" name="@AfterMethod logout" time="-1.635748462765E9">
    <skipped/>
  </testcase> <!-- @AfterMethod logout -->
  <testcase classname="testpack.Homepage_tab_verification" name="@BeforeMethod login" time="-1.635748462769E9">
    <skipped/>
  </testcase> <!-- @BeforeMethod login -->
  <testcase classname="testpack.Homepage_tab_verification" name="@AfterMethod logout" time="-1.635748462786E9">
    <skipped/>
  </testcase> <!-- @AfterMethod logout -->
  <testcase classname="testpack.Homepage_tab_verification" name="@BeforeMethod login" time="-1.635748462792E9">
    <skipped/>
  </testcase> <!-- @BeforeMethod login -->
  <testcase classname="testpack.Homepage_tab_verification" name="@AfterMethod logout" time="-1.635748462806E9">
    <skipped/>
  </testcase> <!-- @AfterMethod logout -->
  <testcase classname="testpack.Homepage_tab_verification" name="@AfterClass close" time="-1.635748462813E9">
    <skipped/>
  </testcase> <!-- @AfterClass close -->
  <testcase classname="testpack.Login_fuctionality" name="test1" time="0.0">
    <skipped/>
  </testcase> <!-- test1 -->
  <testcase classname="testpack.Homepage_tab_verification" name="taskspageverification" time="0.0">
    <skipped/>
  </testcase> <!-- taskspageverification -->
  <testcase classname="testpack.Homepage_tab_verification" name="userspageverification" time="0.0">
    <skipped/>
  </testcase> <!-- userspageverification -->
  <testcase classname="testpack.Homepage_tab_verification" name="workschedulepageverification" time="0.0">
    <skipped/>
  </testcase> <!-- workschedulepageverification -->
  <testcase classname="testpack.Homepage_tab_verification" name="reportspageverification" time="0.0">
    <skipped/>
  </testcase> <!-- reportspageverification -->
</testsuite> <!-- Test -->
